0 info it worked if it ends with ok
1 verbose cli [ '/usr/bin/node',
1 verbose cli   '/usr/bin/npm',
1 verbose cli   'install',
1 verbose cli   '-g',
1 verbose cli   'express-generator' ]
2 info using npm@3.5.2
3 info using node@v8.10.0
4 silly loadCurrentTree Starting
5 silly install loadCurrentTree
6 silly install readGlobalPackageData
7 silly fetchPackageMetaData express-generator
8 silly fetchNamedPackageData express-generator
9 silly mapToRegistry name express-generator
10 silly mapToRegistry using default registry
11 silly mapToRegistry registry https://registry.npmjs.org/
12 silly mapToRegistry uri https://registry.npmjs.org/express-generator
13 verbose request uri https://registry.npmjs.org/express-generator
14 verbose request no auth needed
15 info attempt registry request try #1 at 14:40:26
16 verbose request id 5c60081a1016a2dc
17 verbose etag W/"3fca1ab765b0d6dbfc421afab882828c"
18 verbose lastModified Fri, 03 May 2019 13:58:57 GMT
19 http request GET https://registry.npmjs.org/express-generator
20 http 304 https://registry.npmjs.org/express-generator
21 verbose headers { date: 'Sun, 27 Oct 2019 12:40:27 GMT',
21 verbose headers   connection: 'keep-alive',
21 verbose headers   'set-cookie':
21 verbose headers    [ '__cfduid=d9e57724c36f0faedf97f1c5c226032fc1572180027; expires=Mon, 26-Oct-20 12:40:27 GMT; path=/; domain=.npmjs.org; HttpOnly' ],
21 verbose headers   'cf-cache-status': 'HIT',
21 verbose headers   'cache-control': 'max-age=300',
21 verbose headers   'cf-ray': '52c4bd142e168b56-KBP',
21 verbose headers   age: '6159',
21 verbose headers   etag: '"3fca1ab765b0d6dbfc421afab882828c"',
21 verbose headers   'expect-ct': 'max-age=604800, report-uri="https://report-uri.cloudflare.com/cdn-cgi/beacon/expect-ct"',
21 verbose headers   'last-modified': 'Fri, 03 May 2019 13:58:57 GMT',
21 verbose headers   vary: 'accept-encoding, accept',
21 verbose headers   'x-amz-meta-rev': '169-a43d78d7b7980160368e2d72970267b5',
21 verbose headers   server: 'cloudflare' }
22 silly get cb [ 304,
22 silly get   { date: 'Sun, 27 Oct 2019 12:40:27 GMT',
22 silly get     connection: 'keep-alive',
22 silly get     'set-cookie':
22 silly get      [ '__cfduid=d9e57724c36f0faedf97f1c5c226032fc1572180027; expires=Mon, 26-Oct-20 12:40:27 GMT; path=/; domain=.npmjs.org; HttpOnly' ],
22 silly get     'cf-cache-status': 'HIT',
22 silly get     'cache-control': 'max-age=300',
22 silly get     'cf-ray': '52c4bd142e168b56-KBP',
22 silly get     age: '6159',
22 silly get     etag: '"3fca1ab765b0d6dbfc421afab882828c"',
22 silly get     'expect-ct': 'max-age=604800, report-uri="https://report-uri.cloudflare.com/cdn-cgi/beacon/expect-ct"',
22 silly get     'last-modified': 'Fri, 03 May 2019 13:58:57 GMT',
22 silly get     vary: 'accept-encoding, accept',
22 silly get     'x-amz-meta-rev': '169-a43d78d7b7980160368e2d72970267b5',
22 silly get     server: 'cloudflare' } ]
23 verbose etag https://registry.npmjs.org/express-generator from cache
24 verbose get saving express-generator to /home/alex/.npm/registry.npmjs.org/express-generator/.cache.json
25 silly install normalizeTree
26 silly loadCurrentTree Finishing
27 silly loadIdealTree Starting
28 silly install loadIdealTree
29 silly cloneCurrentTree Starting
30 silly install cloneCurrentTreeToIdealTree
31 silly cloneCurrentTree Finishing
32 silly loadShrinkwrap Starting
33 silly install loadShrinkwrap
34 silly loadShrinkwrap Finishing
35 silly loadAllDepsIntoIdealTree Starting
36 silly install loadAllDepsIntoIdealTree
37 silly resolveWithNewModule express-generator@4.16.1 checking installable status
38 silly cache add args [ 'express-generator', null ]
39 verbose cache add spec express-generator
40 silly cache add parsed spec Result {
40 silly cache add   raw: 'express-generator',
40 silly cache add   scope: null,
40 silly cache add   name: 'express-generator',
40 silly cache add   rawSpec: '',
40 silly cache add   spec: 'latest',
40 silly cache add   type: 'tag' }
41 silly addNamed express-generator@latest
42 verbose addNamed "latest" is being treated as a dist-tag for express-generator
43 info addNameTag [ 'express-generator', 'latest' ]
44 silly mapToRegistry name express-generator
45 silly mapToRegistry using default registry
46 silly mapToRegistry registry https://registry.npmjs.org/
47 silly mapToRegistry uri https://registry.npmjs.org/express-generator
48 verbose addNameTag registry:https://registry.npmjs.org/express-generator not in flight; fetching
49 verbose get https://registry.npmjs.org/express-generator not expired, no request
50 silly addNameTag next cb for express-generator with tag latest
51 silly addNamed express-generator@4.16.1
52 verbose addNamed "4.16.1" is a plain semver version for express-generator
53 silly cache afterAdd express-generator@4.16.1
54 verbose afterAdd /home/alex/.npm/express-generator/4.16.1/package/package.json not in flight; writing
55 verbose afterAdd /home/alex/.npm/express-generator/4.16.1/package/package.json written
56 silly fetchNamedPackageData commander
57 silly mapToRegistry name commander
58 silly mapToRegistry using default registry
59 silly mapToRegistry registry https://registry.npmjs.org/
60 silly mapToRegistry uri https://registry.npmjs.org/commander
61 silly fetchNamedPackageData ejs
62 silly mapToRegistry name ejs
63 silly mapToRegistry using default registry
64 silly mapToRegistry registry https://registry.npmjs.org/
65 silly mapToRegistry uri https://registry.npmjs.org/ejs
66 silly fetchNamedPackageData minimatch
67 silly mapToRegistry name minimatch
68 silly mapToRegistry using default registry
69 silly mapToRegistry registry https://registry.npmjs.org/
70 silly mapToRegistry uri https://registry.npmjs.org/minimatch
71 silly fetchNamedPackageData mkdirp
72 silly mapToRegistry name mkdirp
73 silly mapToRegistry using default registry
74 silly mapToRegistry registry https://registry.npmjs.org/
75 silly mapToRegistry uri https://registry.npmjs.org/mkdirp
76 silly fetchNamedPackageData sorted-object
77 silly mapToRegistry name sorted-object
78 silly mapToRegistry using default registry
79 silly mapToRegistry registry https://registry.npmjs.org/
80 silly mapToRegistry uri https://registry.npmjs.org/sorted-object
81 verbose request uri https://registry.npmjs.org/minimatch
82 verbose request no auth needed
83 info attempt registry request try #1 at 14:40:28
84 verbose etag W/"74d0b8b38c427aed03f1f23d14bfb863"
85 verbose lastModified Mon, 15 Apr 2019 06:36:47 GMT
86 http request GET https://registry.npmjs.org/minimatch
87 verbose request uri https://registry.npmjs.org/commander
88 verbose request no auth needed
89 info attempt registry request try #1 at 14:40:28
90 verbose etag W/"49a9206170cf7dd8c3c2187a951aa30f"
91 verbose lastModified Fri, 11 Oct 2019 05:40:28 GMT
92 http request GET https://registry.npmjs.org/commander
93 verbose request uri https://registry.npmjs.org/sorted-object
94 verbose request no auth needed
95 info attempt registry request try #1 at 14:40:28
96 verbose etag W/"ea98145528816e58739d28c9c9bc4e4f"
97 verbose lastModified Sun, 27 May 2018 17:50:35 GMT
98 http request GET https://registry.npmjs.org/sorted-object
99 verbose request uri https://registry.npmjs.org/ejs
100 verbose request no auth needed
101 info attempt registry request try #1 at 14:40:28
102 verbose etag W/"7e7a21e6a117fd94a391b9e408a7137c"
103 verbose lastModified Sat, 21 Sep 2019 18:44:50 GMT
104 http request GET https://registry.npmjs.org/ejs
105 verbose request uri https://registry.npmjs.org/mkdirp
106 verbose request no auth needed
107 info attempt registry request try #1 at 14:40:28
108 verbose etag W/"8fdcd09d1fddb060f7769b36566bce53"
109 verbose lastModified Fri, 12 Jul 2019 00:12:42 GMT
110 http request GET https://registry.npmjs.org/mkdirp
111 http 304 https://registry.npmjs.org/minimatch
112 verbose headers { date: 'Sun, 27 Oct 2019 12:40:28 GMT',
112 verbose headers   connection: 'keep-alive',
112 verbose headers   'set-cookie':
112 verbose headers    [ '__cfduid=dc6a9290427576451c24f65c5135a90e41572180028; expires=Mon, 26-Oct-20 12:40:28 GMT; path=/; domain=.npmjs.org; HttpOnly' ],
112 verbose headers   'cf-cache-status': 'HIT',
112 verbose headers   'cache-control': 'max-age=300',
112 verbose headers   'cf-ray': '52c4bd17ab308b56-KBP',
112 verbose headers   age: '1540',
112 verbose headers   etag: '"74d0b8b38c427aed03f1f23d14bfb863"',
112 verbose headers   'expect-ct': 'max-age=604800, report-uri="https://report-uri.cloudflare.com/cdn-cgi/beacon/expect-ct"',
112 verbose headers   'last-modified': 'Mon, 15 Apr 2019 06:36:47 GMT',
112 verbose headers   vary: 'accept-encoding, accept',
112 verbose headers   'x-amz-meta-rev': '210-993a653abf90070707679c14386a825f',
112 verbose headers   server: 'cloudflare' }
113 silly get cb [ 304,
113 silly get   { date: 'Sun, 27 Oct 2019 12:40:28 GMT',
113 silly get     connection: 'keep-alive',
113 silly get     'set-cookie':
113 silly get      [ '__cfduid=dc6a9290427576451c24f65c5135a90e41572180028; expires=Mon, 26-Oct-20 12:40:28 GMT; path=/; domain=.npmjs.org; HttpOnly' ],
113 silly get     'cf-cache-status': 'HIT',
113 silly get     'cache-control': 'max-age=300',
113 silly get     'cf-ray': '52c4bd17ab308b56-KBP',
113 silly get     age: '1540',
113 silly get     etag: '"74d0b8b38c427aed03f1f23d14bfb863"',
113 silly get     'expect-ct': 'max-age=604800, report-uri="https://report-uri.cloudflare.com/cdn-cgi/beacon/expect-ct"',
113 silly get     'last-modified': 'Mon, 15 Apr 2019 06:36:47 GMT',
113 silly get     vary: 'accept-encoding, accept',
113 silly get     'x-amz-meta-rev': '210-993a653abf90070707679c14386a825f',
113 silly get     server: 'cloudflare' } ]
114 verbose etag https://registry.npmjs.org/minimatch from cache
115 verbose get saving minimatch to /home/alex/.npm/registry.npmjs.org/minimatch/.cache.json
116 silly resolveWithNewModule minimatch@3.0.4 checking installable status
117 silly cache add args [ 'minimatch@3.0.4', null ]
118 verbose cache add spec minimatch@3.0.4
119 silly cache add parsed spec Result {
119 silly cache add   raw: 'minimatch@3.0.4',
119 silly cache add   scope: null,
119 silly cache add   name: 'minimatch',
119 silly cache add   rawSpec: '3.0.4',
119 silly cache add   spec: '3.0.4',
119 silly cache add   type: 'version' }
120 silly addNamed minimatch@3.0.4
121 verbose addNamed "3.0.4" is a plain semver version for minimatch
122 silly mapToRegistry name minimatch
123 silly mapToRegistry using default registry
124 silly mapToRegistry registry https://registry.npmjs.org/
125 silly mapToRegistry uri https://registry.npmjs.org/minimatch
126 verbose addNameVersion registry:https://registry.npmjs.org/minimatch not in flight; fetching
127 verbose get https://registry.npmjs.org/minimatch not expired, no request
128 silly cache afterAdd minimatch@3.0.4
129 verbose afterAdd /home/alex/.npm/minimatch/3.0.4/package/package.json not in flight; writing
130 verbose afterAdd /home/alex/.npm/minimatch/3.0.4/package/package.json written
131 http 304 https://registry.npmjs.org/commander
132 verbose headers { date: 'Sun, 27 Oct 2019 12:40:28 GMT',
132 verbose headers   connection: 'keep-alive',
132 verbose headers   'set-cookie':
132 verbose headers    [ '__cfduid=dc0257b7b16bc9541f1af8b90bf4db3c71572180028; expires=Mon, 26-Oct-20 12:40:28 GMT; path=/; domain=.npmjs.org; HttpOnly' ],
132 verbose headers   'cf-cache-status': 'HIT',
132 verbose headers   'cache-control': 'max-age=300',
132 verbose headers   'cf-ray': '52c4bd18cd818b68-KBP',
132 verbose headers   age: '5901',
132 verbose headers   etag: '"49a9206170cf7dd8c3c2187a951aa30f"',
132 verbose headers   'expect-ct': 'max-age=604800, report-uri="https://report-uri.cloudflare.com/cdn-cgi/beacon/expect-ct"',
132 verbose headers   'last-modified': 'Fri, 11 Oct 2019 05:40:28 GMT',
132 verbose headers   vary: 'accept-encoding, accept',
132 verbose headers   'x-amz-meta-rev': '1336-8ee45fdbb45be85c195e28a690089946',
132 verbose headers   server: 'cloudflare' }
133 silly get cb [ 304,
133 silly get   { date: 'Sun, 27 Oct 2019 12:40:28 GMT',
133 silly get     connection: 'keep-alive',
133 silly get     'set-cookie':
133 silly get      [ '__cfduid=dc0257b7b16bc9541f1af8b90bf4db3c71572180028; expires=Mon, 26-Oct-20 12:40:28 GMT; path=/; domain=.npmjs.org; HttpOnly' ],
133 silly get     'cf-cache-status': 'HIT',
133 silly get     'cache-control': 'max-age=300',
133 silly get     'cf-ray': '52c4bd18cd818b68-KBP',
133 silly get     age: '5901',
133 silly get     etag: '"49a9206170cf7dd8c3c2187a951aa30f"',
133 silly get     'expect-ct': 'max-age=604800, report-uri="https://report-uri.cloudflare.com/cdn-cgi/beacon/expect-ct"',
133 silly get     'last-modified': 'Fri, 11 Oct 2019 05:40:28 GMT',
133 silly get     vary: 'accept-encoding, accept',
133 silly get     'x-amz-meta-rev': '1336-8ee45fdbb45be85c195e28a690089946',
133 silly get     server: 'cloudflare' } ]
134 verbose etag https://registry.npmjs.org/commander from cache
135 verbose get saving commander to /home/alex/.npm/registry.npmjs.org/commander/.cache.json
136 silly resolveWithNewModule commander@2.15.1 checking installable status
137 silly cache add args [ 'commander@2.15.1', null ]
138 verbose cache add spec commander@2.15.1
139 silly cache add parsed spec Result {
139 silly cache add   raw: 'commander@2.15.1',
139 silly cache add   scope: null,
139 silly cache add   name: 'commander',
139 silly cache add   rawSpec: '2.15.1',
139 silly cache add   spec: '2.15.1',
139 silly cache add   type: 'version' }
140 silly addNamed commander@2.15.1
141 verbose addNamed "2.15.1" is a plain semver version for commander
142 silly mapToRegistry name commander
143 silly mapToRegistry using default registry
144 silly mapToRegistry registry https://registry.npmjs.org/
145 silly mapToRegistry uri https://registry.npmjs.org/commander
146 verbose addNameVersion registry:https://registry.npmjs.org/commander not in flight; fetching
147 verbose get https://registry.npmjs.org/commander not expired, no request
148 silly cache afterAdd commander@2.15.1
149 verbose afterAdd /home/alex/.npm/commander/2.15.1/package/package.json not in flight; writing
150 verbose afterAdd /home/alex/.npm/commander/2.15.1/package/package.json written
151 http 304 https://registry.npmjs.org/mkdirp
152 verbose headers { date: 'Sun, 27 Oct 2019 12:40:28 GMT',
152 verbose headers   connection: 'keep-alive',
152 verbose headers   'set-cookie':
152 verbose headers    [ '__cfduid=d453d0c6bbe8e05aaa0584fe41a42919f1572180028; expires=Mon, 26-Oct-20 12:40:28 GMT; path=/; domain=.npmjs.org; HttpOnly' ],
152 verbose headers   'cf-cache-status': 'HIT',
152 verbose headers   'cache-control': 'max-age=300',
152 verbose headers   'cf-ray': '52c4bd1929738b86-KBP',
152 verbose headers   age: '5422',
152 verbose headers   etag: '"8fdcd09d1fddb060f7769b36566bce53"',
152 verbose headers   'expect-ct': 'max-age=604800, report-uri="https://report-uri.cloudflare.com/cdn-cgi/beacon/expect-ct"',
152 verbose headers   'last-modified': 'Fri, 12 Jul 2019 00:12:42 GMT',
152 verbose headers   vary: 'accept-encoding, accept',
152 verbose headers   'x-amz-meta-rev': '449-918eacf96f354f9e9d6e380a299ce479',
152 verbose headers   server: 'cloudflare' }
153 silly get cb [ 304,
153 silly get   { date: 'Sun, 27 Oct 2019 12:40:28 GMT',
153 silly get     connection: 'keep-alive',
153 silly get     'set-cookie':
153 silly get      [ '__cfduid=d453d0c6bbe8e05aaa0584fe41a42919f1572180028; expires=Mon, 26-Oct-20 12:40:28 GMT; path=/; domain=.npmjs.org; HttpOnly' ],
153 silly get     'cf-cache-status': 'HIT',
153 silly get     'cache-control': 'max-age=300',
153 silly get     'cf-ray': '52c4bd1929738b86-KBP',
153 silly get     age: '5422',
153 silly get     etag: '"8fdcd09d1fddb060f7769b36566bce53"',
153 silly get     'expect-ct': 'max-age=604800, report-uri="https://report-uri.cloudflare.com/cdn-cgi/beacon/expect-ct"',
153 silly get     'last-modified': 'Fri, 12 Jul 2019 00:12:42 GMT',
153 silly get     vary: 'accept-encoding, accept',
153 silly get     'x-amz-meta-rev': '449-918eacf96f354f9e9d6e380a299ce479',
153 silly get     server: 'cloudflare' } ]
154 verbose etag https://registry.npmjs.org/mkdirp from cache
155 verbose get saving mkdirp to /home/alex/.npm/registry.npmjs.org/mkdirp/.cache.json
156 http 304 https://registry.npmjs.org/ejs
157 verbose headers { date: 'Sun, 27 Oct 2019 12:40:28 GMT',
157 verbose headers   connection: 'keep-alive',
157 verbose headers   'set-cookie':
157 verbose headers    [ '__cfduid=d6ff8742e17acf3e30eac82ffa137071b1572180028; expires=Mon, 26-Oct-20 12:40:28 GMT; path=/; domain=.npmjs.org; HttpOnly' ],
157 verbose headers   'cf-cache-status': 'HIT',
157 verbose headers   'cache-control': 'max-age=300',
157 verbose headers   'cf-ray': '52c4bd19295183f8-KBP',
157 verbose headers   age: '4789',
157 verbose headers   etag: '"7e7a21e6a117fd94a391b9e408a7137c"',
157 verbose headers   'expect-ct': 'max-age=604800, report-uri="https://report-uri.cloudflare.com/cdn-cgi/beacon/expect-ct"',
157 verbose headers   'last-modified': 'Sat, 21 Sep 2019 18:44:50 GMT',
157 verbose headers   vary: 'accept-encoding, accept',
157 verbose headers   'x-amz-meta-rev': '479-b7f4a5b63e88a395b803c3c0f8829af9',
157 verbose headers   server: 'cloudflare' }
158 silly get cb [ 304,
158 silly get   { date: 'Sun, 27 Oct 2019 12:40:28 GMT',
158 silly get     connection: 'keep-alive',
158 silly get     'set-cookie':
158 silly get      [ '__cfduid=d6ff8742e17acf3e30eac82ffa137071b1572180028; expires=Mon, 26-Oct-20 12:40:28 GMT; path=/; domain=.npmjs.org; HttpOnly' ],
158 silly get     'cf-cache-status': 'HIT',
158 silly get     'cache-control': 'max-age=300',
158 silly get     'cf-ray': '52c4bd19295183f8-KBP',
158 silly get     age: '4789',
158 silly get     etag: '"7e7a21e6a117fd94a391b9e408a7137c"',
158 silly get     'expect-ct': 'max-age=604800, report-uri="https://report-uri.cloudflare.com/cdn-cgi/beacon/expect-ct"',
158 silly get     'last-modified': 'Sat, 21 Sep 2019 18:44:50 GMT',
158 silly get     vary: 'accept-encoding, accept',
158 silly get     'x-amz-meta-rev': '479-b7f4a5b63e88a395b803c3c0f8829af9',
158 silly get     server: 'cloudflare' } ]
159 verbose etag https://registry.npmjs.org/ejs from cache
160 verbose get saving ejs to /home/alex/.npm/registry.npmjs.org/ejs/.cache.json
161 silly resolveWithNewModule ejs@2.6.1 checking installable status
162 silly cache add args [ 'ejs@2.6.1', null ]
163 verbose cache add spec ejs@2.6.1
164 silly cache add parsed spec Result {
164 silly cache add   raw: 'ejs@2.6.1',
164 silly cache add   scope: null,
164 silly cache add   name: 'ejs',
164 silly cache add   rawSpec: '2.6.1',
164 silly cache add   spec: '2.6.1',
164 silly cache add   type: 'version' }
165 silly addNamed ejs@2.6.1
166 verbose addNamed "2.6.1" is a plain semver version for ejs
167 silly mapToRegistry name ejs
168 silly mapToRegistry using default registry
169 silly mapToRegistry registry https://registry.npmjs.org/
170 silly mapToRegistry uri https://registry.npmjs.org/ejs
171 verbose addNameVersion registry:https://registry.npmjs.org/ejs not in flight; fetching
172 silly resolveWithNewModule mkdirp@0.5.1 checking installable status
173 silly cache add args [ 'mkdirp@0.5.1', null ]
174 verbose cache add spec mkdirp@0.5.1
175 silly cache add parsed spec Result {
175 silly cache add   raw: 'mkdirp@0.5.1',
175 silly cache add   scope: null,
175 silly cache add   name: 'mkdirp',
175 silly cache add   rawSpec: '0.5.1',
175 silly cache add   spec: '0.5.1',
175 silly cache add   type: 'version' }
176 silly addNamed mkdirp@0.5.1
177 verbose addNamed "0.5.1" is a plain semver version for mkdirp
178 silly mapToRegistry name mkdirp
179 silly mapToRegistry using default registry
180 silly mapToRegistry registry https://registry.npmjs.org/
181 silly mapToRegistry uri https://registry.npmjs.org/mkdirp
182 verbose addNameVersion registry:https://registry.npmjs.org/mkdirp not in flight; fetching
183 verbose get https://registry.npmjs.org/ejs not expired, no request
184 verbose get https://registry.npmjs.org/mkdirp not expired, no request
185 silly cache afterAdd ejs@2.6.1
186 verbose afterAdd /home/alex/.npm/ejs/2.6.1/package/package.json not in flight; writing
187 silly cache afterAdd mkdirp@0.5.1
188 verbose afterAdd /home/alex/.npm/mkdirp/0.5.1/package/package.json not in flight; writing
189 verbose afterAdd /home/alex/.npm/ejs/2.6.1/package/package.json written
190 verbose afterAdd /home/alex/.npm/mkdirp/0.5.1/package/package.json written
191 http 304 https://registry.npmjs.org/sorted-object
192 verbose headers { date: 'Sun, 27 Oct 2019 12:40:29 GMT',
192 verbose headers   connection: 'keep-alive',
192 verbose headers   'set-cookie':
192 verbose headers    [ '__cfduid=d2d30967473ff92bf374cb737c650a65e1572180028; expires=Mon, 26-Oct-20 12:40:28 GMT; path=/; domain=.npmjs.org; HttpOnly' ],
192 verbose headers   'cf-cache-status': 'REVALIDATED',
192 verbose headers   'cache-control': 'max-age=300',
192 verbose headers   'cf-ray': '52c4bd1928398b62-KBP',
192 verbose headers   etag: '"ea98145528816e58739d28c9c9bc4e4f"',
192 verbose headers   'expect-ct': 'max-age=604800, report-uri="https://report-uri.cloudflare.com/cdn-cgi/beacon/expect-ct"',
192 verbose headers   'last-modified': 'Sun, 27 May 2018 17:50:35 GMT',
192 verbose headers   vary: 'accept-encoding, accept',
192 verbose headers   server: 'cloudflare' }
193 silly get cb [ 304,
193 silly get   { date: 'Sun, 27 Oct 2019 12:40:29 GMT',
193 silly get     connection: 'keep-alive',
193 silly get     'set-cookie':
193 silly get      [ '__cfduid=d2d30967473ff92bf374cb737c650a65e1572180028; expires=Mon, 26-Oct-20 12:40:28 GMT; path=/; domain=.npmjs.org; HttpOnly' ],
193 silly get     'cf-cache-status': 'REVALIDATED',
193 silly get     'cache-control': 'max-age=300',
193 silly get     'cf-ray': '52c4bd1928398b62-KBP',
193 silly get     etag: '"ea98145528816e58739d28c9c9bc4e4f"',
193 silly get     'expect-ct': 'max-age=604800, report-uri="https://report-uri.cloudflare.com/cdn-cgi/beacon/expect-ct"',
193 silly get     'last-modified': 'Sun, 27 May 2018 17:50:35 GMT',
193 silly get     vary: 'accept-encoding, accept',
193 silly get     server: 'cloudflare' } ]
194 verbose etag https://registry.npmjs.org/sorted-object from cache
195 verbose get saving sorted-object to /home/alex/.npm/registry.npmjs.org/sorted-object/.cache.json
196 silly resolveWithNewModule sorted-object@2.0.1 checking installable status
197 silly cache add args [ 'sorted-object@2.0.1', null ]
198 verbose cache add spec sorted-object@2.0.1
199 silly cache add parsed spec Result {
199 silly cache add   raw: 'sorted-object@2.0.1',
199 silly cache add   scope: null,
199 silly cache add   name: 'sorted-object',
199 silly cache add   rawSpec: '2.0.1',
199 silly cache add   spec: '2.0.1',
199 silly cache add   type: 'version' }
200 silly addNamed sorted-object@2.0.1
201 verbose addNamed "2.0.1" is a plain semver version for sorted-object
202 silly mapToRegistry name sorted-object
203 silly mapToRegistry using default registry
204 silly mapToRegistry registry https://registry.npmjs.org/
205 silly mapToRegistry uri https://registry.npmjs.org/sorted-object
206 verbose addNameVersion registry:https://registry.npmjs.org/sorted-object not in flight; fetching
207 verbose get https://registry.npmjs.org/sorted-object not expired, no request
208 silly cache afterAdd sorted-object@2.0.1
209 verbose afterAdd /home/alex/.npm/sorted-object/2.0.1/package/package.json not in flight; writing
210 verbose afterAdd /home/alex/.npm/sorted-object/2.0.1/package/package.json written
211 silly fetchNamedPackageData brace-expansion
212 silly mapToRegistry name brace-expansion
213 silly mapToRegistry using default registry
214 silly mapToRegistry registry https://registry.npmjs.org/
215 silly mapToRegistry uri https://registry.npmjs.org/brace-expansion
216 verbose request uri https://registry.npmjs.org/brace-expansion
217 verbose request no auth needed
218 info attempt registry request try #1 at 14:40:29
219 verbose etag W/"e1bb7280c24dff102c3475d67515cff5"
220 verbose lastModified Sat, 26 May 2018 18:55:42 GMT
221 http request GET https://registry.npmjs.org/brace-expansion
222 http 304 https://registry.npmjs.org/brace-expansion
223 verbose headers { date: 'Sun, 27 Oct 2019 12:40:29 GMT',
223 verbose headers   connection: 'keep-alive',
223 verbose headers   'set-cookie':
223 verbose headers    [ '__cfduid=dfc635aee7bfb3a732436d628a58eabf31572180029; expires=Mon, 26-Oct-20 12:40:29 GMT; path=/; domain=.npmjs.org; HttpOnly' ],
223 verbose headers   'cf-cache-status': 'HIT',
223 verbose headers   'cache-control': 'max-age=300',
223 verbose headers   'cf-ray': '52c4bd1f2ca08b56-KBP',
223 verbose headers   age: '1532',
223 verbose headers   etag: '"e1bb7280c24dff102c3475d67515cff5"',
223 verbose headers   'expect-ct': 'max-age=604800, report-uri="https://report-uri.cloudflare.com/cdn-cgi/beacon/expect-ct"',
223 verbose headers   'last-modified': 'Sat, 26 May 2018 18:55:42 GMT',
223 verbose headers   vary: 'accept-encoding, accept',
223 verbose headers   server: 'cloudflare' }
224 silly get cb [ 304,
224 silly get   { date: 'Sun, 27 Oct 2019 12:40:29 GMT',
224 silly get     connection: 'keep-alive',
224 silly get     'set-cookie':
224 silly get      [ '__cfduid=dfc635aee7bfb3a732436d628a58eabf31572180029; expires=Mon, 26-Oct-20 12:40:29 GMT; path=/; domain=.npmjs.org; HttpOnly' ],
224 silly get     'cf-cache-status': 'HIT',
224 silly get     'cache-control': 'max-age=300',
224 silly get     'cf-ray': '52c4bd1f2ca08b56-KBP',
224 silly get     age: '1532',
224 silly get     etag: '"e1bb7280c24dff102c3475d67515cff5"',
224 silly get     'expect-ct': 'max-age=604800, report-uri="https://report-uri.cloudflare.com/cdn-cgi/beacon/expect-ct"',
224 silly get     'last-modified': 'Sat, 26 May 2018 18:55:42 GMT',
224 silly get     vary: 'accept-encoding, accept',
224 silly get     server: 'cloudflare' } ]
225 verbose etag https://registry.npmjs.org/brace-expansion from cache
226 verbose get saving brace-expansion to /home/alex/.npm/registry.npmjs.org/brace-expansion/.cache.json
227 silly resolveWithNewModule brace-expansion@1.1.11 checking installable status
228 silly cache add args [ 'brace-expansion@^1.1.7', null ]
229 verbose cache add spec brace-expansion@^1.1.7
230 silly cache add parsed spec Result {
230 silly cache add   raw: 'brace-expansion@^1.1.7',
230 silly cache add   scope: null,
230 silly cache add   name: 'brace-expansion',
230 silly cache add   rawSpec: '^1.1.7',
230 silly cache add   spec: '>=1.1.7 <2.0.0',
230 silly cache add   type: 'range' }
231 silly addNamed brace-expansion@>=1.1.7 <2.0.0
232 verbose addNamed ">=1.1.7 <2.0.0" is a valid semver range for brace-expansion
233 silly addNameRange { name: 'brace-expansion',
233 silly addNameRange   range: '>=1.1.7 <2.0.0',
233 silly addNameRange   hasData: false }
234 silly mapToRegistry name brace-expansion
235 silly mapToRegistry using default registry
236 silly mapToRegistry registry https://registry.npmjs.org/
237 silly mapToRegistry uri https://registry.npmjs.org/brace-expansion
238 verbose addNameRange registry:https://registry.npmjs.org/brace-expansion not in flight; fetching
239 verbose get https://registry.npmjs.org/brace-expansion not expired, no request
240 silly addNameRange number 2 { name: 'brace-expansion',
240 silly addNameRange   range: '>=1.1.7 <2.0.0',
240 silly addNameRange   hasData: true }
241 silly addNameRange versions [ 'brace-expansion',
241 silly addNameRange   [ '0.0.0',
241 silly addNameRange     '1.0.0',
241 silly addNameRange     '1.0.1',
241 silly addNameRange     '1.1.0',
241 silly addNameRange     '1.1.1',
241 silly addNameRange     '1.1.2',
241 silly addNameRange     '1.1.3',
241 silly addNameRange     '1.1.4',
241 silly addNameRange     '1.1.5',
241 silly addNameRange     '1.1.6',
241 silly addNameRange     '1.1.7',
241 silly addNameRange     '1.1.8',
241 silly addNameRange     '1.1.9',
241 silly addNameRange     '1.1.10',
241 silly addNameRange     '1.1.11' ] ]
242 silly addNamed brace-expansion@1.1.11
243 verbose addNamed "1.1.11" is a plain semver version for brace-expansion
244 silly cache afterAdd brace-expansion@1.1.11
245 verbose afterAdd /home/alex/.npm/brace-expansion/1.1.11/package/package.json not in flight; writing
246 verbose afterAdd /home/alex/.npm/brace-expansion/1.1.11/package/package.json written
247 silly fetchNamedPackageData balanced-match
248 silly mapToRegistry name balanced-match
249 silly mapToRegistry using default registry
250 silly mapToRegistry registry https://registry.npmjs.org/
251 silly mapToRegistry uri https://registry.npmjs.org/balanced-match
252 silly fetchNamedPackageData concat-map
253 silly mapToRegistry name concat-map
254 silly mapToRegistry using default registry
255 silly mapToRegistry registry https://registry.npmjs.org/
256 silly mapToRegistry uri https://registry.npmjs.org/concat-map
257 verbose request uri https://registry.npmjs.org/concat-map
258 verbose request no auth needed
259 info attempt registry request try #1 at 14:40:29
260 verbose etag W/"94c413d99b46c784f563e6153e58a1d4"
261 verbose lastModified Sat, 26 May 2018 20:40:55 GMT
262 http request GET https://registry.npmjs.org/concat-map
263 verbose request uri https://registry.npmjs.org/balanced-match
264 verbose request no auth needed
265 info attempt registry request try #1 at 14:40:29
266 verbose etag W/"768eec147806bc710f6b097c6384abbf"
267 verbose lastModified Sat, 26 May 2018 18:06:43 GMT
268 http request GET https://registry.npmjs.org/balanced-match
269 http 304 https://registry.npmjs.org/concat-map
270 verbose headers { date: 'Sun, 27 Oct 2019 12:40:29 GMT',
270 verbose headers   connection: 'keep-alive',
270 verbose headers   'set-cookie':
270 verbose headers    [ '__cfduid=d27434bb809625c175b7b7ebaf1f2d77e1572180029; expires=Mon, 26-Oct-20 12:40:29 GMT; path=/; domain=.npmjs.org; HttpOnly' ],
270 verbose headers   'cf-cache-status': 'HIT',
270 verbose headers   'cache-control': 'max-age=300',
270 verbose headers   'cf-ray': '52c4bd1f8d5f8b68-KBP',
270 verbose headers   age: '1531',
270 verbose headers   etag: '"94c413d99b46c784f563e6153e58a1d4"',
270 verbose headers   'expect-ct': 'max-age=604800, report-uri="https://report-uri.cloudflare.com/cdn-cgi/beacon/expect-ct"',
270 verbose headers   'last-modified': 'Sat, 26 May 2018 20:40:55 GMT',
270 verbose headers   vary: 'accept-encoding, accept',
270 verbose headers   server: 'cloudflare' }
271 silly get cb [ 304,
271 silly get   { date: 'Sun, 27 Oct 2019 12:40:29 GMT',
271 silly get     connection: 'keep-alive',
271 silly get     'set-cookie':
271 silly get      [ '__cfduid=d27434bb809625c175b7b7ebaf1f2d77e1572180029; expires=Mon, 26-Oct-20 12:40:29 GMT; path=/; domain=.npmjs.org; HttpOnly' ],
271 silly get     'cf-cache-status': 'HIT',
271 silly get     'cache-control': 'max-age=300',
271 silly get     'cf-ray': '52c4bd1f8d5f8b68-KBP',
271 silly get     age: '1531',
271 silly get     etag: '"94c413d99b46c784f563e6153e58a1d4"',
271 silly get     'expect-ct': 'max-age=604800, report-uri="https://report-uri.cloudflare.com/cdn-cgi/beacon/expect-ct"',
271 silly get     'last-modified': 'Sat, 26 May 2018 20:40:55 GMT',
271 silly get     vary: 'accept-encoding, accept',
271 silly get     server: 'cloudflare' } ]
272 verbose etag https://registry.npmjs.org/concat-map from cache
273 verbose get saving concat-map to /home/alex/.npm/registry.npmjs.org/concat-map/.cache.json
274 silly resolveWithNewModule concat-map@0.0.1 checking installable status
275 silly cache add args [ 'concat-map@0.0.1', null ]
276 verbose cache add spec concat-map@0.0.1
277 silly cache add parsed spec Result {
277 silly cache add   raw: 'concat-map@0.0.1',
277 silly cache add   scope: null,
277 silly cache add   name: 'concat-map',
277 silly cache add   rawSpec: '0.0.1',
277 silly cache add   spec: '0.0.1',
277 silly cache add   type: 'version' }
278 silly addNamed concat-map@0.0.1
279 verbose addNamed "0.0.1" is a plain semver version for concat-map
280 silly mapToRegistry name concat-map
281 silly mapToRegistry using default registry
282 silly mapToRegistry registry https://registry.npmjs.org/
283 silly mapToRegistry uri https://registry.npmjs.org/concat-map
284 verbose addNameVersion registry:https://registry.npmjs.org/concat-map not in flight; fetching
285 verbose get https://registry.npmjs.org/concat-map not expired, no request
286 silly cache afterAdd concat-map@0.0.1
287 verbose afterAdd /home/alex/.npm/concat-map/0.0.1/package/package.json not in flight; writing
288 http 304 https://registry.npmjs.org/balanced-match
289 verbose headers { date: 'Sun, 27 Oct 2019 12:40:29 GMT',
289 verbose headers   connection: 'keep-alive',
289 verbose headers   'set-cookie':
289 verbose headers    [ '__cfduid=dd85bf27f1bd107c124bbe43c4a05ec911572180029; expires=Mon, 26-Oct-20 12:40:29 GMT; path=/; domain=.npmjs.org; HttpOnly' ],
289 verbose headers   'cf-cache-status': 'HIT',
289 verbose headers   'cache-control': 'max-age=300',
289 verbose headers   'cf-ray': '52c4bd1fafe58b86-KBP',
289 verbose headers   age: '1531',
289 verbose headers   etag: '"768eec147806bc710f6b097c6384abbf"',
289 verbose headers   'expect-ct': 'max-age=604800, report-uri="https://report-uri.cloudflare.com/cdn-cgi/beacon/expect-ct"',
289 verbose headers   'last-modified': 'Sat, 26 May 2018 18:06:43 GMT',
289 verbose headers   vary: 'accept-encoding, accept',
289 verbose headers   server: 'cloudflare' }
290 silly get cb [ 304,
290 silly get   { date: 'Sun, 27 Oct 2019 12:40:29 GMT',
290 silly get     connection: 'keep-alive',
290 silly get     'set-cookie':
290 silly get      [ '__cfduid=dd85bf27f1bd107c124bbe43c4a05ec911572180029; expires=Mon, 26-Oct-20 12:40:29 GMT; path=/; domain=.npmjs.org; HttpOnly' ],
290 silly get     'cf-cache-status': 'HIT',
290 silly get     'cache-control': 'max-age=300',
290 silly get     'cf-ray': '52c4bd1fafe58b86-KBP',
290 silly get     age: '1531',
290 silly get     etag: '"768eec147806bc710f6b097c6384abbf"',
290 silly get     'expect-ct': 'max-age=604800, report-uri="https://report-uri.cloudflare.com/cdn-cgi/beacon/expect-ct"',
290 silly get     'last-modified': 'Sat, 26 May 2018 18:06:43 GMT',
290 silly get     vary: 'accept-encoding, accept',
290 silly get     server: 'cloudflare' } ]
291 verbose etag https://registry.npmjs.org/balanced-match from cache
292 verbose get saving balanced-match to /home/alex/.npm/registry.npmjs.org/balanced-match/.cache.json
293 verbose afterAdd /home/alex/.npm/concat-map/0.0.1/package/package.json written
294 silly resolveWithNewModule balanced-match@1.0.0 checking installable status
295 silly cache add args [ 'balanced-match@^1.0.0', null ]
296 verbose cache add spec balanced-match@^1.0.0
297 silly cache add parsed spec Result {
297 silly cache add   raw: 'balanced-match@^1.0.0',
297 silly cache add   scope: null,
297 silly cache add   name: 'balanced-match',
297 silly cache add   rawSpec: '^1.0.0',
297 silly cache add   spec: '>=1.0.0 <2.0.0',
297 silly cache add   type: 'range' }
298 silly addNamed balanced-match@>=1.0.0 <2.0.0
299 verbose addNamed ">=1.0.0 <2.0.0" is a valid semver range for balanced-match
300 silly addNameRange { name: 'balanced-match',
300 silly addNameRange   range: '>=1.0.0 <2.0.0',
300 silly addNameRange   hasData: false }
301 silly mapToRegistry name balanced-match
302 silly mapToRegistry using default registry
303 silly mapToRegistry registry https://registry.npmjs.org/
304 silly mapToRegistry uri https://registry.npmjs.org/balanced-match
305 verbose addNameRange registry:https://registry.npmjs.org/balanced-match not in flight; fetching
306 verbose get https://registry.npmjs.org/balanced-match not expired, no request
307 silly addNameRange number 2 { name: 'balanced-match',
307 silly addNameRange   range: '>=1.0.0 <2.0.0',
307 silly addNameRange   hasData: true }
308 silly addNameRange versions [ 'balanced-match',
308 silly addNameRange   [ '0.0.0',
308 silly addNameRange     '0.0.1',
308 silly addNameRange     '0.1.0',
308 silly addNameRange     '0.2.0',
308 silly addNameRange     '0.2.1',
308 silly addNameRange     '0.3.0',
308 silly addNameRange     '0.4.0',
308 silly addNameRange     '0.4.1',
308 silly addNameRange     '0.4.2',
308 silly addNameRange     '1.0.0' ] ]
309 silly addNamed balanced-match@1.0.0
310 verbose addNamed "1.0.0" is a plain semver version for balanced-match
311 silly cache afterAdd balanced-match@1.0.0
312 verbose afterAdd /home/alex/.npm/balanced-match/1.0.0/package/package.json not in flight; writing
313 verbose afterAdd /home/alex/.npm/balanced-match/1.0.0/package/package.json written
314 silly fetchNamedPackageData minimist
315 silly mapToRegistry name minimist
316 silly mapToRegistry using default registry
317 silly mapToRegistry registry https://registry.npmjs.org/
318 silly mapToRegistry uri https://registry.npmjs.org/minimist
319 verbose request uri https://registry.npmjs.org/minimist
320 verbose request no auth needed
321 info attempt registry request try #1 at 14:40:29
322 verbose etag W/"81c2eaf8bba19c1bd6131ba9e932902f"
323 verbose lastModified Sun, 11 Aug 2019 09:03:19 GMT
324 http request GET https://registry.npmjs.org/minimist
325 http 304 https://registry.npmjs.org/minimist
326 verbose headers { date: 'Sun, 27 Oct 2019 12:40:29 GMT',
326 verbose headers   connection: 'keep-alive',
326 verbose headers   'set-cookie':
326 verbose headers    [ '__cfduid=d0e631124c2ca72bf2ff7c3edd0a43e231572180029; expires=Mon, 26-Oct-20 12:40:29 GMT; path=/; domain=.npmjs.org; HttpOnly' ],
326 verbose headers   'cf-cache-status': 'HIT',
326 verbose headers   'cache-control': 'max-age=300',
326 verbose headers   'cf-ray': '52c4bd209e3383f8-KBP',
326 verbose headers   age: '1533',
326 verbose headers   etag: '"81c2eaf8bba19c1bd6131ba9e932902f"',
326 verbose headers   'expect-ct': 'max-age=604800, report-uri="https://report-uri.cloudflare.com/cdn-cgi/beacon/expect-ct"',
326 verbose headers   'last-modified': 'Sun, 11 Aug 2019 09:03:19 GMT',
326 verbose headers   vary: 'accept-encoding, accept',
326 verbose headers   'x-amz-meta-rev': '556-0b46c7e5ddb425eaa10933534034f053',
326 verbose headers   server: 'cloudflare' }
327 silly get cb [ 304,
327 silly get   { date: 'Sun, 27 Oct 2019 12:40:29 GMT',
327 silly get     connection: 'keep-alive',
327 silly get     'set-cookie':
327 silly get      [ '__cfduid=d0e631124c2ca72bf2ff7c3edd0a43e231572180029; expires=Mon, 26-Oct-20 12:40:29 GMT; path=/; domain=.npmjs.org; HttpOnly' ],
327 silly get     'cf-cache-status': 'HIT',
327 silly get     'cache-control': 'max-age=300',
327 silly get     'cf-ray': '52c4bd209e3383f8-KBP',
327 silly get     age: '1533',
327 silly get     etag: '"81c2eaf8bba19c1bd6131ba9e932902f"',
327 silly get     'expect-ct': 'max-age=604800, report-uri="https://report-uri.cloudflare.com/cdn-cgi/beacon/expect-ct"',
327 silly get     'last-modified': 'Sun, 11 Aug 2019 09:03:19 GMT',
327 silly get     vary: 'accept-encoding, accept',
327 silly get     'x-amz-meta-rev': '556-0b46c7e5ddb425eaa10933534034f053',
327 silly get     server: 'cloudflare' } ]
328 verbose etag https://registry.npmjs.org/minimist from cache
329 verbose get saving minimist to /home/alex/.npm/registry.npmjs.org/minimist/.cache.json
330 silly resolveWithNewModule minimist@0.0.8 checking installable status
331 silly cache add args [ 'minimist@0.0.8', null ]
332 verbose cache add spec minimist@0.0.8
333 silly cache add parsed spec Result {
333 silly cache add   raw: 'minimist@0.0.8',
333 silly cache add   scope: null,
333 silly cache add   name: 'minimist',
333 silly cache add   rawSpec: '0.0.8',
333 silly cache add   spec: '0.0.8',
333 silly cache add   type: 'version' }
334 silly addNamed minimist@0.0.8
335 verbose addNamed "0.0.8" is a plain semver version for minimist
336 silly mapToRegistry name minimist
337 silly mapToRegistry using default registry
338 silly mapToRegistry registry https://registry.npmjs.org/
339 silly mapToRegistry uri https://registry.npmjs.org/minimist
340 verbose addNameVersion registry:https://registry.npmjs.org/minimist not in flight; fetching
341 verbose get https://registry.npmjs.org/minimist not expired, no request
342 silly cache afterAdd minimist@0.0.8
343 verbose afterAdd /home/alex/.npm/minimist/0.0.8/package/package.json not in flight; writing
344 verbose afterAdd /home/alex/.npm/minimist/0.0.8/package/package.json written
345 silly loadAllDepsIntoIdealTree Finishing
346 silly idealTree:prePrune lib
346 silly idealTree:prePrune └─┬ express-generator@4.16.1
346 silly idealTree:prePrune   ├── balanced-match@1.0.0
346 silly idealTree:prePrune   ├── brace-expansion@1.1.11
346 silly idealTree:prePrune   ├── commander@2.15.1
346 silly idealTree:prePrune   ├── concat-map@0.0.1
346 silly idealTree:prePrune   ├── ejs@2.6.1
346 silly idealTree:prePrune   ├── minimatch@3.0.4
346 silly idealTree:prePrune   ├── minimist@0.0.8
346 silly idealTree:prePrune   ├── mkdirp@0.5.1
346 silly idealTree:prePrune   └── sorted-object@2.0.1
347 silly loadIdealTree Finishing
348 silly currentTree lib
348 silly currentTree └─┬ express-generator@4.16.1
348 silly currentTree   ├── balanced-match@1.0.0
348 silly currentTree   ├── brace-expansion@1.1.11
348 silly currentTree   ├── commander@2.15.1
348 silly currentTree   ├── concat-map@0.0.1
348 silly currentTree   ├── ejs@2.6.1
348 silly currentTree   ├── minimatch@3.0.4
348 silly currentTree   ├── minimist@0.0.8
348 silly currentTree   ├── mkdirp@0.5.1
348 silly currentTree   └── sorted-object@2.0.1
349 silly idealTree lib
349 silly idealTree └─┬ express-generator@4.16.1
349 silly idealTree   ├── balanced-match@1.0.0
349 silly idealTree   ├── brace-expansion@1.1.11
349 silly idealTree   ├── commander@2.15.1
349 silly idealTree   ├── concat-map@0.0.1
349 silly idealTree   ├── ejs@2.6.1
349 silly idealTree   ├── minimatch@3.0.4
349 silly idealTree   ├── minimist@0.0.8
349 silly idealTree   ├── mkdirp@0.5.1
349 silly idealTree   └── sorted-object@2.0.1
350 silly generateActionsToTake Starting
351 silly install generateActionsToTake
352 warn checkPermissions Missing write access to /usr/local/lib/node_modules/express-generator
353 warn checkPermissions Missing write access to /usr/local/lib/node_modules
354 silly rollbackFailedOptional Starting
355 silly rollbackFailedOptional Finishing
356 silly runTopLevelLifecycles Starting
357 silly runTopLevelLifecycles Finishing
358 silly install printInstalled
359 verbose stack Error: EACCES: permission denied, access '/usr/local/lib/node_modules/express-generator'
360 verbose cwd /home/alex/projects/ApiforShop
361 error Linux 4.15.0-65-generic
362 error argv "/usr/bin/node" "/usr/bin/npm" "install" "-g" "express-generator"
363 error node v8.10.0
364 error npm  v3.5.2
365 error path /usr/local/lib/node_modules/express-generator
366 error code EACCES
367 error errno -13
368 error syscall access
369 error Error: EACCES: permission denied, access '/usr/local/lib/node_modules/express-generator'
369 error  { Error: EACCES: permission denied, access '/usr/local/lib/node_modules/express-generator'
369 error   errno: -13,
369 error   code: 'EACCES',
369 error   syscall: 'access',
369 error   path: '/usr/local/lib/node_modules/express-generator' }
370 error Please try running this command again as root/Administrator.
371 verbose exit [ -13, true ]
