::1 - - [04/Nov/2019:08:30:57 +0000] "GET /api/customers/login HTTP/1.1" 403 9
::1 - - [04/Nov/2019:08:34:49 +0000] "GET /api/customers/login HTTP/1.1" 403 9
::1 - - [04/Nov/2019:09:08:50 +0000] "GET /api/customers/login HTTP/1.1" 403 9
::1 - - [04/Nov/2019:09:08:50 +0000] "GET /favicon.ico HTTP/1.1" 404 3142
::ffff:127.0.0.1 - - [04/Nov/2019:09:15:46 +0000] "POST /api/customers/login HTTP/1.1" - -
::1 - - [04/Nov/2019:10:06:46 +0000] "GET /api/customers/login HTTP/1.1" 403 9
::ffff:127.0.0.1 - - [04/Nov/2019:10:08:34 +0000] "POST /api/customers/login HTTP/1.1" - -
::ffff:127.0.0.1 - - [04/Nov/2019:11:55:31 +0000] "POST /api/customers/login HTTP/1.1" 200 1201
::ffff:127.0.0.1 - - [04/Nov/2019:11:56:27 +0000] "GET /api/customers HTTP/1.1" 200 753220
::ffff:127.0.0.1 - - [04/Nov/2019:11:57:14 +0000] "GET /api/customers/0 HTTP/1.1" 200 54
::ffff:127.0.0.1 - - [04/Nov/2019:11:58:24 +0000] "GET /api/customers/0 HTTP/1.1" 200 54
::ffff:127.0.0.1 - - [04/Nov/2019:12:02:08 +0000] "GET /api/customers/0 HTTP/1.1" 200 63
::ffff:127.0.0.1 - - [04/Nov/2019:12:03:54 +0000] "GET /api/customers/0 HTTP/1.1" 200 62
::1 - - [04/Nov/2019:12:12:31 +0000] "GET /api/customers/login HTTP/1.1" 403 9
::1 - - [04/Nov/2019:12:13:04 +0000] "GET /api/customers/login HTTP/1.1" 403 9
::ffff:127.0.0.1 - - [04/Nov/2019:12:15:14 +0000] "GET /api/customers/0 HTTP/1.1" 200 62
::1 - - [04/Nov/2019:16:41:43 +0000] "OPTIONS /api/customers/login HTTP/1.1" 204 0
::1 - - [04/Nov/2019:16:41:43 +0000] "POST /api/customers/login HTTP/1.1" 200 16
::1 - - [04/Nov/2019:16:41:45 +0000] "POST /api/customers/login HTTP/1.1" 200 16
::1 - - [04/Nov/2019:16:41:58 +0000] "OPTIONS /api/customers/login HTTP/1.1" 204 0
::1 - - [04/Nov/2019:16:41:58 +0000] "POST /api/customers/login HTTP/1.1" 200 16
::1 - - [04/Nov/2019:16:42:29 +0000] "OPTIONS /api/customers/login HTTP/1.1" 204 0
::1 - - [04/Nov/2019:16:42:29 +0000] "POST /api/customers/login HTTP/1.1" 200 16
::1 - - [04/Nov/2019:16:42:45 +0000] "OPTIONS /api/customers/login HTTP/1.1" 204 0
::1 - - [04/Nov/2019:16:42:45 +0000] "POST /api/customers/login HTTP/1.1" 200 16
::1 - - [04/Nov/2019:16:43:49 +0000] "OPTIONS /api/customers/login HTTP/1.1" 204 0
::1 - - [04/Nov/2019:16:43:49 +0000] "POST /api/customers/login HTTP/1.1" 200 16
::1 - - [04/Nov/2019:16:44:02 +0000] "OPTIONS /api/customers/login HTTP/1.1" 204 0
::1 - - [04/Nov/2019:16:44:02 +0000] "POST /api/customers/login HTTP/1.1" 200 16
::1 - - [04/Nov/2019:16:44:35 +0000] "OPTIONS /api/customers/login HTTP/1.1" 204 0
::1 - - [04/Nov/2019:16:44:35 +0000] "POST /api/customers/login HTTP/1.1" 200 16
::1 - - [04/Nov/2019:16:45:04 +0000] "OPTIONS /api/customers/login HTTP/1.1" 204 0
::1 - - [04/Nov/2019:16:45:04 +0000] "POST /api/customers/login HTTP/1.1" 200 16
::1 - - [04/Nov/2019:16:46:35 +0000] "OPTIONS /api/customers/login HTTP/1.1" 204 0
::1 - - [04/Nov/2019:16:46:35 +0000] "POST /api/customers/login HTTP/1.1" 200 16
::1 - - [04/Nov/2019:16:47:41 +0000] "OPTIONS /api/customers/login HTTP/1.1" 204 0
::1 - - [04/Nov/2019:16:47:41 +0000] "POST /api/customers/login HTTP/1.1" 200 16
::1 - - [04/Nov/2019:16:52:48 +0000] "OPTIONS /api/customers/login HTTP/1.1" 204 0
::1 - - [04/Nov/2019:16:52:48 +0000] "POST /api/customers/login HTTP/1.1" 200 1201
::1 - - [04/Nov/2019:16:52:54 +0000] "OPTIONS /api/orders/customer/1328 HTTP/1.1" 204 0
::1 - - [04/Nov/2019:16:52:54 +0000] "GET /api/orders/customer/1328 HTTP/1.1" 200 168963
::1 - - [04/Nov/2019:17:05:39 +0000] "OPTIONS /api/customers/login HTTP/1.1" 204 0
::1 - - [04/Nov/2019:17:05:39 +0000] "POST /api/customers/login HTTP/1.1" 200 1201
::1 - - [04/Nov/2019:17:06:47 +0000] "OPTIONS /api/customers/login HTTP/1.1" 204 0
::1 - - [04/Nov/2019:17:06:47 +0000] "POST /api/customers/login HTTP/1.1" 200 1201
::1 - - [04/Nov/2019:17:08:06 +0000] "OPTIONS /api/customers/login HTTP/1.1" 204 0
::1 - - [04/Nov/2019:17:08:06 +0000] "POST /api/customers/login HTTP/1.1" 200 16
::1 - - [04/Nov/2019:17:08:17 +0000] "OPTIONS /api/customers/login HTTP/1.1" 204 0
::1 - - [04/Nov/2019:17:08:17 +0000] "POST /api/customers/login HTTP/1.1" 200 16
::1 - - [04/Nov/2019:17:08:52 +0000] "OPTIONS /api/customers/login HTTP/1.1" 204 0
::1 - - [04/Nov/2019:17:08:53 +0000] "POST /api/customers/login HTTP/1.1" 200 16
::1 - - [04/Nov/2019:17:08:55 +0000] "POST /api/customers/login HTTP/1.1" 200 16
::1 - - [04/Nov/2019:17:09:39 +0000] "OPTIONS /api/customers/login HTTP/1.1" 204 0
::1 - - [04/Nov/2019:17:09:39 +0000] "POST /api/customers/login HTTP/1.1" 200 1201
::1 - - [04/Nov/2019:17:10:23 +0000] "OPTIONS /api/customers/login HTTP/1.1" 204 0
::1 - - [04/Nov/2019:17:10:23 +0000] "POST /api/customers/login HTTP/1.1" 200 1201
::1 - - [04/Nov/2019:17:32:08 +0000] "OPTIONS /api/orders/customer/1328 HTTP/1.1" 204 0
::1 - - [04/Nov/2019:17:32:08 +0000] "GET /api/orders/customer/1328 HTTP/1.1" 304 -
::1 - - [04/Nov/2019:17:36:33 +0000] "OPTIONS /api/orders/customer/1328 HTTP/1.1" 204 0
::1 - - [04/Nov/2019:17:36:33 +0000] "GET /api/orders/customer/1328 HTTP/1.1" 304 -
::1 - - [04/Nov/2019:17:38:33 +0000] "OPTIONS /api/orders/customer/1328 HTTP/1.1" 204 0
::1 - - [04/Nov/2019:17:38:33 +0000] "GET /api/orders/customer/1328 HTTP/1.1" 304 -
::1 - - [04/Nov/2019:17:39:39 +0000] "OPTIONS /api/orders/customer/1328 HTTP/1.1" 204 0
::1 - - [04/Nov/2019:17:39:39 +0000] "GET /api/orders/customer/1328 HTTP/1.1" 304 -
::1 - - [04/Nov/2019:17:40:28 +0000] "OPTIONS /api/customers/token HTTP/1.1" 204 0
::1 - - [04/Nov/2019:17:40:28 +0000] "POST /api/customers/token HTTP/1.1" 200 435
::1 - - [04/Nov/2019:17:40:28 +0000] "OPTIONS /api/orders/customer/1328 HTTP/1.1" 204 0
::1 - - [04/Nov/2019:17:40:28 +0000] "GET /api/orders/customer/1328 HTTP/1.1" 304 -
::1 - - [04/Nov/2019:17:41:17 +0000] "OPTIONS /api/customers/token HTTP/1.1" 204 0
::1 - - [04/Nov/2019:17:41:17 +0000] "POST /api/customers/token HTTP/1.1" 200 435
::1 - - [04/Nov/2019:17:41:17 +0000] "OPTIONS /api/orders/customer/1328 HTTP/1.1" 204 0
::1 - - [04/Nov/2019:17:41:17 +0000] "GET /api/orders/customer/1328 HTTP/1.1" 304 -
::1 - - [04/Nov/2019:17:41:29 +0000] "OPTIONS /api/customers/token HTTP/1.1" 204 0
::1 - - [04/Nov/2019:17:41:29 +0000] "POST /api/customers/token HTTP/1.1" 200 435
::1 - - [04/Nov/2019:17:41:29 +0000] "OPTIONS /api/orders/customer/1328 HTTP/1.1" 204 0
::1 - - [04/Nov/2019:17:41:29 +0000] "GET /api/orders/customer/1328 HTTP/1.1" 304 -
::1 - - [04/Nov/2019:17:44:11 +0000] "OPTIONS /api/customers/token HTTP/1.1" 204 0
::1 - - [04/Nov/2019:17:44:11 +0000] "POST /api/customers/token HTTP/1.1" 200 435
::1 - - [04/Nov/2019:17:44:11 +0000] "OPTIONS /api/orders/customer/1328 HTTP/1.1" 204 0
::1 - - [04/Nov/2019:17:44:11 +0000] "GET /api/orders/customer/1328 HTTP/1.1" 304 -
::1 - - [04/Nov/2019:17:44:54 +0000] "OPTIONS /api/customers/token HTTP/1.1" 204 0
::1 - - [04/Nov/2019:17:44:54 +0000] "POST /api/customers/token HTTP/1.1" 200 435
::1 - - [04/Nov/2019:17:44:54 +0000] "OPTIONS /api/orders/customer/1328 HTTP/1.1" 204 0
::1 - - [04/Nov/2019:17:44:55 +0000] "GET /api/orders/customer/1328 HTTP/1.1" 304 -
::1 - - [04/Nov/2019:17:45:25 +0000] "OPTIONS /api/customers/token HTTP/1.1" 204 0
::1 - - [04/Nov/2019:17:45:25 +0000] "POST /api/customers/token HTTP/1.1" 200 435
::1 - - [04/Nov/2019:17:45:26 +0000] "OPTIONS /api/orders/customer/1328 HTTP/1.1" 204 0
::1 - - [04/Nov/2019:17:45:26 +0000] "GET /api/orders/customer/1328 HTTP/1.1" 304 -
::1 - - [04/Nov/2019:17:45:45 +0000] "OPTIONS /api/customers/token HTTP/1.1" 204 0
::1 - - [04/Nov/2019:17:45:45 +0000] "POST /api/customers/token HTTP/1.1" 200 435
::1 - - [04/Nov/2019:17:45:46 +0000] "OPTIONS /api/orders/customer/1328 HTTP/1.1" 204 0
::1 - - [04/Nov/2019:17:45:46 +0000] "GET /api/orders/customer/1328 HTTP/1.1" 304 -
::1 - - [04/Nov/2019:17:46:36 +0000] "OPTIONS /api/customers/token HTTP/1.1" 204 0
::1 - - [04/Nov/2019:17:46:37 +0000] "POST /api/customers/token HTTP/1.1" 200 435
::1 - - [04/Nov/2019:17:46:37 +0000] "OPTIONS /api/orders/customer/1328 HTTP/1.1" 204 0
::1 - - [04/Nov/2019:17:46:37 +0000] "GET /api/orders/customer/1328 HTTP/1.1" 304 -
::1 - - [04/Nov/2019:17:47:11 +0000] "OPTIONS /api/customers/token HTTP/1.1" 204 0
::1 - - [04/Nov/2019:17:47:11 +0000] "POST /api/customers/token HTTP/1.1" 200 435
::1 - - [04/Nov/2019:17:47:11 +0000] "OPTIONS /api/orders/customer/1328 HTTP/1.1" 204 0
::1 - - [04/Nov/2019:17:47:11 +0000] "GET /api/orders/customer/1328 HTTP/1.1" 304 -
::1 - - [04/Nov/2019:17:48:46 +0000] "OPTIONS /api/customers/token HTTP/1.1" 204 0
::1 - - [04/Nov/2019:17:48:46 +0000] "POST /api/customers/token HTTP/1.1" 200 435
::1 - - [04/Nov/2019:17:48:46 +0000] "OPTIONS /api/orders/customer/1328 HTTP/1.1" 204 0
::1 - - [04/Nov/2019:17:48:47 +0000] "GET /api/orders/customer/1328 HTTP/1.1" 304 -
::1 - - [04/Nov/2019:17:49:11 +0000] "OPTIONS /api/customers/token HTTP/1.1" 204 0
::1 - - [04/Nov/2019:17:49:11 +0000] "POST /api/customers/token HTTP/1.1" 200 435
::1 - - [04/Nov/2019:17:49:11 +0000] "OPTIONS /api/orders/customer/1328 HTTP/1.1" 204 0
::1 - - [04/Nov/2019:17:49:11 +0000] "GET /api/orders/customer/1328 HTTP/1.1" 304 -
::1 - - [04/Nov/2019:17:51:48 +0000] "OPTIONS /api/customers/token HTTP/1.1" 204 0
::1 - - [04/Nov/2019:17:51:48 +0000] "POST /api/customers/token HTTP/1.1" 200 435
::1 - - [04/Nov/2019:17:51:48 +0000] "OPTIONS /api/orders/customer/1328 HTTP/1.1" 204 0
::1 - - [04/Nov/2019:17:51:48 +0000] "GET /api/orders/customer/1328 HTTP/1.1" 304 -
::1 - - [04/Nov/2019:17:52:19 +0000] "OPTIONS /api/customers/token HTTP/1.1" 204 0
::1 - - [04/Nov/2019:17:52:19 +0000] "POST /api/customers/token HTTP/1.1" 200 435
::1 - - [04/Nov/2019:17:52:19 +0000] "OPTIONS /api/orders/customer/1328 HTTP/1.1" 204 0
::1 - - [04/Nov/2019:17:52:20 +0000] "GET /api/orders/customer/1328 HTTP/1.1" 304 -
::1 - - [04/Nov/2019:17:55:22 +0000] "OPTIONS /api/customers/token HTTP/1.1" 204 0
::1 - - [04/Nov/2019:17:55:22 +0000] "POST /api/customers/token HTTP/1.1" 200 435
::1 - - [04/Nov/2019:17:55:22 +0000] "OPTIONS /api/orders/customer/1328 HTTP/1.1" 204 0
::1 - - [04/Nov/2019:17:55:22 +0000] "GET /api/orders/customer/1328 HTTP/1.1" 304 -
